<?xml version="1.0" encoding="UTF-8"?>
<testng-results ignored="9" total="18" passed="7" failed="2" skipped="0">
  <reporter-output>
  </reporter-output>
  <suite started-at="2022-07-27T19:51:12Z" name="Suite de pruebas de regresión" finished-at="2022-07-27T19:55:08Z" duration-ms="236597">
    <groups>
    </groups>
    <test started-at="2022-07-27T19:51:12Z" name="Casos de prueba" finished-at="2022-07-27T19:55:08Z" duration-ms="236597">
      <class name="Tests.Tests">
        <test-method is-config="true" signature="preparacion()[pri:0, instance:Tests.Tests@27406a17]" started-at="2022-07-27T19:51:12Z" name="preparacion" finished-at="2022-07-27T19:51:15Z" duration-ms="3286" status="PASS">
          <reporter-output>
          </reporter-output>
        </test-method> <!-- preparacion -->
        <test-method is-config="true" signature="preparacion()[pri:0, instance:Tests.Tests2@2af004b]" started-at="2022-07-27T19:51:15Z" name="preparacion" finished-at="2022-07-27T19:51:15Z" duration-ms="1" status="PASS">
          <reporter-output>
          </reporter-output>
        </test-method> <!-- preparacion -->
        <test-method is-config="true" signature="preTests()[pri:0, instance:Tests.Tests@27406a17]" started-at="2022-07-27T19:51:15Z" name="preTests" finished-at="2022-07-27T19:51:20Z" duration-ms="5311" status="PASS">
          <reporter-output>
          </reporter-output>
        </test-method> <!-- preTests -->
        <test-method signature="CP0001_Login_Fallido()[pri:0, instance:Tests.Tests@27406a17]" started-at="2022-07-27T19:51:20Z" name="CP0001_Login_Fallido" finished-at="2022-07-27T19:51:30Z" duration-ms="10168" status="PASS">
          <reporter-output>
          </reporter-output>
        </test-method> <!-- CP0001_Login_Fallido -->
        <test-method is-config="true" signature="postTests()[pri:0, instance:Tests.Tests@27406a17]" started-at="2022-07-27T19:51:30Z" name="postTests" finished-at="2022-07-27T19:51:31Z" duration-ms="268" status="PASS">
          <reporter-output>
          </reporter-output>
        </test-method> <!-- postTests -->
      </class> <!-- Tests.Tests -->
      <class name="Tests.Tests2">
        <test-method is-config="true" signature="preTests()[pri:0, instance:Tests.Tests2@2af004b]" started-at="2022-07-27T19:51:31Z" name="preTests" finished-at="2022-07-27T19:51:39Z" duration-ms="8708" status="PASS">
          <reporter-output>
          </reporter-output>
        </test-method> <!-- preTests -->
        <test-method signature="CP0001_Login_Fallido()[pri:0, instance:Tests.Tests2@2af004b]" started-at="2022-07-27T19:51:39Z" name="CP0001_Login_Fallido" finished-at="2022-07-27T19:51:48Z" duration-ms="8564" status="PASS">
          <reporter-output>
          </reporter-output>
        </test-method> <!-- CP0001_Login_Fallido -->
        <test-method is-config="true" signature="postTests()[pri:0, instance:Tests.Tests2@2af004b]" started-at="2022-07-27T19:51:48Z" name="postTests" finished-at="2022-07-27T19:51:48Z" duration-ms="251" status="PASS">
          <reporter-output>
          </reporter-output>
        </test-method> <!-- postTests -->
        <test-method is-config="true" signature="preTests()[pri:0, instance:Tests.Tests2@2af004b]" started-at="2022-07-27T19:51:48Z" name="preTests" finished-at="2022-07-27T19:51:56Z" duration-ms="8198" status="PASS">
          <reporter-output>
          </reporter-output>
        </test-method> <!-- preTests -->
        <test-method signature="CP002_Contactos()[pri:0, instance:Tests.Tests2@2af004b]" started-at="2022-07-27T19:51:56Z" name="CP002_Contactos" finished-at="2022-07-27T19:52:10Z" duration-ms="14097" status="PASS">
          <reporter-output>
          </reporter-output>
        </test-method> <!-- CP002_Contactos -->
        <test-method is-config="true" signature="postTests()[pri:0, instance:Tests.Tests2@2af004b]" started-at="2022-07-27T19:52:10Z" name="postTests" finished-at="2022-07-27T19:52:11Z" duration-ms="207" status="PASS">
          <reporter-output>
          </reporter-output>
        </test-method> <!-- postTests -->
        <test-method is-config="true" signature="preTests()[pri:0, instance:Tests.Tests2@2af004b]" started-at="2022-07-27T19:52:11Z" name="preTests" finished-at="2022-07-27T19:52:19Z" duration-ms="8640" status="PASS">
          <reporter-output>
          </reporter-output>
        </test-method> <!-- preTests -->
        <test-method signature="CP003_Legales()[pri:0, instance:Tests.Tests2@2af004b]" started-at="2022-07-27T19:52:19Z" name="CP003_Legales" finished-at="2022-07-27T19:52:28Z" duration-ms="8521" status="FAIL">
          <exception class="java.lang.AssertionError">
            <message>
              <![CDATA[expected [https://www.coopeuch.cl/media/UploadGeneral/file/Bases_Concurso_descarga_y_uso_AppCoopeuch_JULIO_AGOSTO_2022_AMR19072022_2_.pdf] but found [https://www.coopeuch.cl/personas/bases-legales]]]>
            </message>
            <full-stacktrace>
              <![CDATA[java.lang.AssertionError: expected [https://www.coopeuch.cl/media/UploadGeneral/file/Bases_Concurso_descarga_y_uso_AppCoopeuch_JULIO_AGOSTO_2022_AMR19072022_2_.pdf] but found [https://www.coopeuch.cl/personas/bases-legales]
at org.testng.Assert.fail(Assert.java:96)
at org.testng.Assert.failNotEquals(Assert.java:776)
at org.testng.Assert.assertEqualsImpl(Assert.java:137)
at org.testng.Assert.assertEquals(Assert.java:118)
at org.testng.Assert.assertEquals(Assert.java:453)
at org.testng.Assert.assertEquals(Assert.java:463)
at Tests.Tests2.CP003_Legales(Tests2.java:121)
at java.base/jdk.internal.reflect.NativeMethodAccessorImpl.invoke0(Native Method)
at java.base/jdk.internal.reflect.NativeMethodAccessorImpl.invoke(NativeMethodAccessorImpl.java:77)
at java.base/jdk.internal.reflect.DelegatingMethodAccessorImpl.invoke(DelegatingMethodAccessorImpl.java:43)
at java.base/java.lang.reflect.Method.invoke(Method.java:568)
at org.testng.internal.MethodInvocationHelper.invokeMethod(MethodInvocationHelper.java:124)
at org.testng.internal.Invoker.invokeMethod(Invoker.java:583)
at org.testng.internal.Invoker.invokeTestMethod(Invoker.java:719)
at org.testng.internal.Invoker.invokeTestMethods(Invoker.java:989)
at org.testng.internal.TestMethodWorker.invokeTestMethods(TestMethodWorker.java:125)
at org.testng.internal.TestMethodWorker.run(TestMethodWorker.java:109)
at org.testng.TestRunner.privateRun(TestRunner.java:648)
at org.testng.TestRunner.run(TestRunner.java:505)
at org.testng.SuiteRunner.runTest(SuiteRunner.java:455)
at org.testng.SuiteRunner.runSequentially(SuiteRunner.java:450)
at org.testng.SuiteRunner.privateRun(SuiteRunner.java:415)
at org.testng.SuiteRunner.run(SuiteRunner.java:364)
at org.testng.SuiteRunnerWorker.runSuite(SuiteRunnerWorker.java:52)
at org.testng.SuiteRunnerWorker.run(SuiteRunnerWorker.java:84)
at org.testng.TestNG.runSuitesSequentially(TestNG.java:1208)
at org.testng.TestNG.runSuitesLocally(TestNG.java:1137)
at org.testng.TestNG.runSuites(TestNG.java:1049)
at org.testng.TestNG.run(TestNG.java:1017)
at org.apache.maven.surefire.testng.TestNGExecutor.run(TestNGExecutor.java:324)
at org.apache.maven.surefire.testng.TestNGXmlTestSuite.execute(TestNGXmlTestSuite.java:74)
at org.apache.maven.surefire.testng.TestNGProvider.invoke(TestNGProvider.java:123)
at org.apache.maven.surefire.booter.ForkedBooter.runSuitesInProcess(ForkedBooter.java:456)
at org.apache.maven.surefire.booter.ForkedBooter.execute(ForkedBooter.java:169)
at org.apache.maven.surefire.booter.ForkedBooter.run(ForkedBooter.java:595)
at org.apache.maven.surefire.booter.ForkedBooter.main(ForkedBooter.java:581)
]]>
            </full-stacktrace>
          </exception> <!-- java.lang.AssertionError -->
          <reporter-output>
          </reporter-output>
        </test-method> <!-- CP003_Legales -->
        <test-method is-config="true" signature="postTests()[pri:0, instance:Tests.Tests2@2af004b]" started-at="2022-07-27T19:52:28Z" name="postTests" finished-at="2022-07-27T19:52:28Z" duration-ms="249" status="PASS">
          <reporter-output>
          </reporter-output>
        </test-method> <!-- postTests -->
        <test-method is-config="true" signature="preTests()[pri:0, instance:Tests.Tests2@2af004b]" started-at="2022-07-27T19:52:28Z" name="preTests" finished-at="2022-07-27T19:52:36Z" duration-ms="7691" status="PASS">
          <reporter-output>
          </reporter-output>
        </test-method> <!-- preTests -->
        <test-method signature="CP004_Socios()[pri:0, instance:Tests.Tests2@2af004b]" started-at="2022-07-27T19:52:36Z" name="CP004_Socios" finished-at="2022-07-27T19:53:14Z" duration-ms="38146" status="FAIL">
          <exception class="org.openqa.selenium.TimeoutException">
            <message>
              <![CDATA[Expected condition failed: waiting for presence of element located by: By.xpath: //button[contains(text(),'Solo ser Socio')] (tried for 30 second(s) with 500 milliseconds interval)]]>
            </message>
            <full-stacktrace>
              <![CDATA[org.openqa.selenium.TimeoutException: Expected condition failed: waiting for presence of element located by: By.xpath: //button[contains(text(),'Solo ser Socio')] (tried for 30 second(s) with 500 milliseconds interval)
at org.openqa.selenium.support.ui.WebDriverWait.timeoutException(WebDriverWait.java:95)
at org.openqa.selenium.support.ui.FluentWait.until(FluentWait.java:272)
at Utils.BaseClass.esperaExplicita(BaseClass.java:54)
at Pages.FinalSocio.SocioContacto1(FinalSocio.java:18)
at Tests.Tests2.CP004_Socios(Tests2.java:128)
at java.base/jdk.internal.reflect.NativeMethodAccessorImpl.invoke0(Native Method)
at java.base/jdk.internal.reflect.NativeMethodAccessorImpl.invoke(NativeMethodAccessorImpl.java:77)
at java.base/jdk.internal.reflect.DelegatingMethodAccessorImpl.invoke(DelegatingMethodAccessorImpl.java:43)
at java.base/java.lang.reflect.Method.invoke(Method.java:568)
at org.testng.internal.MethodInvocationHelper.invokeMethod(MethodInvocationHelper.java:124)
at org.testng.internal.Invoker.invokeMethod(Invoker.java:583)
at org.testng.internal.Invoker.invokeTestMethod(Invoker.java:719)
at org.testng.internal.Invoker.invokeTestMethods(Invoker.java:989)
at org.testng.internal.TestMethodWorker.invokeTestMethods(TestMethodWorker.java:125)
at org.testng.internal.TestMethodWorker.run(TestMethodWorker.java:109)
at org.testng.TestRunner.privateRun(TestRunner.java:648)
at org.testng.TestRunner.run(TestRunner.java:505)
at org.testng.SuiteRunner.runTest(SuiteRunner.java:455)
at org.testng.SuiteRunner.runSequentially(SuiteRunner.java:450)
at org.testng.SuiteRunner.privateRun(SuiteRunner.java:415)
at org.testng.SuiteRunner.run(SuiteRunner.java:364)
at org.testng.SuiteRunnerWorker.runSuite(SuiteRunnerWorker.java:52)
at org.testng.SuiteRunnerWorker.run(SuiteRunnerWorker.java:84)
at org.testng.TestNG.runSuitesSequentially(TestNG.java:1208)
at org.testng.TestNG.runSuitesLocally(TestNG.java:1137)
at org.testng.TestNG.runSuites(TestNG.java:1049)
at org.testng.TestNG.run(TestNG.java:1017)
at org.apache.maven.surefire.testng.TestNGExecutor.run(TestNGExecutor.java:324)
at org.apache.maven.surefire.testng.TestNGXmlTestSuite.execute(TestNGXmlTestSuite.java:74)
at org.apache.maven.surefire.testng.TestNGProvider.invoke(TestNGProvider.java:123)
at org.apache.maven.surefire.booter.ForkedBooter.runSuitesInProcess(ForkedBooter.java:456)
at org.apache.maven.surefire.booter.ForkedBooter.execute(ForkedBooter.java:169)
at org.apache.maven.surefire.booter.ForkedBooter.run(ForkedBooter.java:595)
at org.apache.maven.surefire.booter.ForkedBooter.main(ForkedBooter.java:581)
Caused by: org.openqa.selenium.NoSuchElementException: no such element: Unable to locate element: {"method":"xpath","selector":"//button[contains(text(),'Solo ser Socio')]"}
  (Session info: chrome=103.0.5060.134)
For documentation on this error, please visit: https://www.seleniumhq.org/exceptions/no_such_element.html
Build info: version: '3.141.59', revision: 'e82be7d358', time: '2018-11-14T08:17:03'
System info: host: 'NBEX5EXC9', ip: '192.168.0.10', os.name: 'Windows 10', os.arch: 'amd64', os.version: '10.0', java.version: '17.0.2'
Driver info: org.openqa.selenium.chrome.ChromeDriver
Capabilities {acceptInsecureCerts: false, browserName: chrome, browserVersion: 103.0.5060.134, chrome: {chromedriverVersion: 102.0.5005.61 (0e59bcc00cc4..., userDataDir: C:\Users\exiniev\AppData\Lo...}, goog:chromeOptions: {debuggerAddress: localhost:52389}, javascriptEnabled: true, networkConnectionEnabled: false, pageLoadStrategy: normal, platform: WINDOWS, platformName: WINDOWS, proxy: Proxy(), setWindowRect: true, strictFileInteractability: false, timeouts: {implicit: 0, pageLoad: 300000, script: 30000}, unhandledPromptBehavior: dismiss and notify, webauthn:extension:credBlob: true, webauthn:extension:largeBlob: true, webauthn:virtualAuthenticators: true}
Session ID: f9437068909c0aeabcdefbdb6c795210
*** Element info: {Using=xpath, value=//button[contains(text(),'Solo ser Socio')]}
at jdk.internal.reflect.GeneratedConstructorAccessor27.newInstance(Unknown Source)
at java.base/jdk.internal.reflect.DelegatingConstructorAccessorImpl.newInstance(DelegatingConstructorAccessorImpl.java:45)
at java.base/java.lang.reflect.Constructor.newInstanceWithCaller(Constructor.java:499)
at java.base/java.lang.reflect.Constructor.newInstance(Constructor.java:480)
at org.openqa.selenium.remote.http.W3CHttpResponseCodec.createException(W3CHttpResponseCodec.java:187)
at org.openqa.selenium.remote.http.W3CHttpResponseCodec.decode(W3CHttpResponseCodec.java:122)
at org.openqa.selenium.remote.http.W3CHttpResponseCodec.decode(W3CHttpResponseCodec.java:49)
at org.openqa.selenium.remote.HttpCommandExecutor.execute(HttpCommandExecutor.java:158)
at org.openqa.selenium.remote.service.DriverCommandExecutor.execute(DriverCommandExecutor.java:83)
at org.openqa.selenium.remote.RemoteWebDriver.execute(RemoteWebDriver.java:552)
at org.openqa.selenium.remote.RemoteWebDriver.findElement(RemoteWebDriver.java:323)
at org.openqa.selenium.remote.RemoteWebDriver.findElementByXPath(RemoteWebDriver.java:428)
at org.openqa.selenium.By$ByXPath.findElement(By.java:353)
at org.openqa.selenium.remote.RemoteWebDriver.findElement(RemoteWebDriver.java:315)
at org.openqa.selenium.support.ui.ExpectedConditions$6.apply(ExpectedConditions.java:182)
at org.openqa.selenium.support.ui.ExpectedConditions$6.apply(ExpectedConditions.java:179)
at org.openqa.selenium.support.ui.FluentWait.until(FluentWait.java:249)
... 32 more
]]>
            </full-stacktrace>
          </exception> <!-- org.openqa.selenium.TimeoutException -->
          <reporter-output>
          </reporter-output>
        </test-method> <!-- CP004_Socios -->
        <test-method is-config="true" signature="postTests()[pri:0, instance:Tests.Tests2@2af004b]" started-at="2022-07-27T19:53:14Z" name="postTests" finished-at="2022-07-27T19:53:14Z" duration-ms="185" status="PASS">
          <reporter-output>
          </reporter-output>
        </test-method> <!-- postTests -->
        <test-method is-config="true" signature="preTests()[pri:0, instance:Tests.Tests2@2af004b]" started-at="2022-07-27T19:53:14Z" name="preTests" finished-at="2022-07-27T19:53:23Z" duration-ms="8617" status="PASS">
          <reporter-output>
          </reporter-output>
        </test-method> <!-- preTests -->
        <test-method signature="CP005_Pagos()[pri:0, instance:Tests.Tests2@2af004b]" started-at="2022-07-27T19:53:23Z" name="CP005_Pagos" finished-at="2022-07-27T19:53:34Z" duration-ms="11158" status="PASS">
          <reporter-output>
          </reporter-output>
        </test-method> <!-- CP005_Pagos -->
        <test-method is-config="true" signature="postTests()[pri:0, instance:Tests.Tests2@2af004b]" started-at="2022-07-27T19:53:34Z" name="postTests" finished-at="2022-07-27T19:53:34Z" duration-ms="222" status="PASS">
          <reporter-output>
          </reporter-output>
        </test-method> <!-- postTests -->
        <test-method is-config="true" signature="preTests()[pri:0, instance:Tests.Tests2@2af004b]" started-at="2022-07-27T19:53:34Z" name="preTests" finished-at="2022-07-27T19:53:42Z" duration-ms="8115" status="PASS">
          <reporter-output>
          </reporter-output>
        </test-method> <!-- preTests -->
        <test-method signature="CP006_Beneficios()[pri:0, instance:Tests.Tests2@2af004b]" started-at="2022-07-27T19:53:42Z" name="CP006_Beneficios" finished-at="2022-07-27T19:54:40Z" duration-ms="57630" status="PASS">
          <reporter-output>
          </reporter-output>
        </test-method> <!-- CP006_Beneficios -->
        <test-method is-config="true" signature="postTests()[pri:0, instance:Tests.Tests2@2af004b]" started-at="2022-07-27T19:54:40Z" name="postTests" finished-at="2022-07-27T19:54:40Z" duration-ms="154" status="PASS">
          <reporter-output>
          </reporter-output>
        </test-method> <!-- postTests -->
        <test-method is-config="true" signature="preTests()[pri:0, instance:Tests.Tests2@2af004b]" started-at="2022-07-27T19:54:40Z" name="preTests" finished-at="2022-07-27T19:54:48Z" duration-ms="7697" status="PASS">
          <reporter-output>
          </reporter-output>
        </test-method> <!-- preTests -->
        <test-method signature="CP008_Seguridad()[pri:0, instance:Tests.Tests2@2af004b]" started-at="2022-07-27T19:54:48Z" name="CP008_Seguridad" finished-at="2022-07-27T19:54:53Z" duration-ms="5131" status="PASS">
          <reporter-output>
          </reporter-output>
        </test-method> <!-- CP008_Seguridad -->
        <test-method is-config="true" signature="postTests()[pri:0, instance:Tests.Tests2@2af004b]" started-at="2022-07-27T19:54:53Z" name="postTests" finished-at="2022-07-27T19:54:53Z" duration-ms="545" status="PASS">
          <reporter-output>
          </reporter-output>
        </test-method> <!-- postTests -->
        <test-method is-config="true" signature="preTests()[pri:0, instance:Tests.Tests2@2af004b]" started-at="2022-07-27T19:54:53Z" name="preTests" finished-at="2022-07-27T19:55:02Z" duration-ms="9145" status="PASS">
          <reporter-output>
          </reporter-output>
        </test-method> <!-- preTests -->
        <test-method signature="CP009_Mas()[pri:0, instance:Tests.Tests2@2af004b]" started-at="2022-07-27T19:55:02Z" name="CP009_Mas" finished-at="2022-07-27T19:55:08Z" duration-ms="5313" status="PASS">
          <reporter-output>
          </reporter-output>
        </test-method> <!-- CP009_Mas -->
        <test-method is-config="true" signature="postTests()[pri:0, instance:Tests.Tests2@2af004b]" started-at="2022-07-27T19:55:08Z" name="postTests" finished-at="2022-07-27T19:55:08Z" duration-ms="341" status="PASS">
          <reporter-output>
          </reporter-output>
        </test-method> <!-- postTests -->
      </class> <!-- Tests.Tests2 -->
    </test> <!-- Casos de prueba -->
  </suite> <!-- Suite de pruebas de regresión -->
</testng-results>
